srcscan starts
INFO: analyzing module ALU (VERI-9002)
INFO: analyzing module PC (VERI-9002)
INFO: analyzing module PC_mux (VERI-9002)
INFO: analyzing module accumulator (VERI-9002)
INFO: analyzing module addr_mux (VERI-9002)
INFO: analyzing module clk_div_by_100K (VERI-9002)
INFO: analyzing module clk_div_by_50M (VERI-9002)
INFO: analyzing module controller (VERI-9002)
INFO: analyzing module counter (VERI-9002)
INFO: analyzing module data_mux (VERI-9002)
INFO: analyzing module lipsi_top2 (VERI-9002)
INFO: analyzing module memory (VERI-9002)
INFO: analyzing module seven_segment (VERI-9002)
INFO: analyzing module tb (VERI-9002)
INFO: analyzing module ALU (VERI-9002)
C:/Users/shrin/Desktop/Vivado_projects/Lipsi_Project/simulation/controller.srcs/sources_1/new/ALU.v(1): WARNING: overwriting previous definition of module 'ALU' (VERI-1206)
INFO: analyzing module PC (VERI-9002)
C:/Users/shrin/Desktop/Vivado_projects/Lipsi_Project/simulation/controller.srcs/sources_1/new/PC.v(1): WARNING: overwriting previous definition of module 'PC' (VERI-1206)
INFO: analyzing module PC_mux (VERI-9002)
C:/Users/shrin/Desktop/Vivado_projects/Lipsi_Project/simulation/controller.srcs/sources_1/new/PC_mux.v(1): WARNING: overwriting previous definition of module 'PC_mux' (VERI-1206)
INFO: analyzing module accumulator (VERI-9002)
C:/Users/shrin/Desktop/Vivado_projects/Lipsi_Project/simulation/controller.srcs/sources_1/new/accumulator.v(1): WARNING: overwriting previous definition of module 'accumulator' (VERI-1206)
INFO: analyzing module addr_mux (VERI-9002)
C:/Users/shrin/Desktop/Vivado_projects/Lipsi_Project/simulation/controller.srcs/sources_1/new/addr_mux.v(1): WARNING: overwriting previous definition of module 'addr_mux' (VERI-1206)
INFO: analyzing module clk_div_by_100K (VERI-9002)
C:/Users/shrin/AppData/Local/Temp/VivadoEditorAssist9101252953009137307.tmp(1): WARNING: overwriting previous definition of module 'clk_div_by_100K' (VERI-1206)
INFO: analyzing module clk_div_by_50M (VERI-9002)
C:/Users/shrin/Desktop/Vivado_projects/Lipsi_Project/simulation/controller.srcs/sources_1/new/clk_div_by_50M.v(1): WARNING: overwriting previous definition of module 'clk_div_by_50M' (VERI-1206)
INFO: analyzing module controller (VERI-9002)
C:/Users/shrin/AppData/Local/Temp/VivadoEditorAssist16997400605350654331.tmp(1): WARNING: overwriting previous definition of module 'controller' (VERI-1206)
INFO: analyzing module counter (VERI-9002)
C:/Users/shrin/Desktop/Vivado_projects/Lipsi_Project/simulation/controller.srcs/sources_1/new/counter.v(1): WARNING: overwriting previous definition of module 'counter' (VERI-1206)
INFO: analyzing module data_mux (VERI-9002)
C:/Users/shrin/Desktop/Vivado_projects/Lipsi_Project/simulation/controller.srcs/sources_1/new/data_mux.v(1): WARNING: overwriting previous definition of module 'data_mux' (VERI-1206)
INFO: analyzing module lipsi_top2 (VERI-9002)
C:/Users/shrin/AppData/Local/Temp/VivadoEditorAssist413930072958438381.tmp(1): WARNING: overwriting previous definition of module 'lipsi_top2' (VERI-1206)
INFO: analyzing module memory (VERI-9002)
C:/Users/shrin/Desktop/Vivado_projects/Lipsi_Project/simulation/controller.srcs/sources_1/new/reg_file.v(1): WARNING: overwriting previous definition of module 'memory' (VERI-1206)
INFO: analyzing module seven_segment (VERI-9002)
C:/Users/shrin/AppData/Local/Temp/VivadoEditorAssist13115361503805543412.tmp(1): WARNING: overwriting previous definition of module 'seven_segment' (VERI-1206)
INFO: analyzing module tb (VERI-9002)
C:/Users/shrin/AppData/Local/Temp/VivadoEditorAssist2943675728298039606.tmp(23): WARNING: overwriting previous definition of module 'tb' (VERI-1206)
srcscan exits with return value 0
