srcscan starts
INFO: analyzing module ALU (VERI-9002)
INFO: analyzing module PC (VERI-9002)
INFO: analyzing module PC_mux (VERI-9002)
INFO: analyzing module accumulator (VERI-9002)
INFO: analyzing module addr_mux (VERI-9002)
INFO: analyzing module clk_div_by_100K (VERI-9002)
INFO: analyzing module clk_div_by_50M (VERI-9002)
INFO: analyzing module controller (VERI-9002)
INFO: analyzing module counter (VERI-9002)
INFO: analyzing module data_mux (VERI-9002)
INFO: analyzing module lipsi_top2 (VERI-9002)
INFO: analyzing module memory (VERI-9002)
INFO: analyzing module seven_segment (VERI-9002)
INFO: analyzing module tb (VERI-9002)
INFO: analyzing module ALU (VERI-9002)
C:/Users/shrin/AppData/Local/Temp/VivadoEditorAssist15299221536654346077.tmp(1): WARNING: overwriting previous definition of module 'ALU' (VERI-1206)
INFO: analyzing module PC (VERI-9002)
C:/Users/shrin/Desktop/Vivado_projects/Lipsi_Project/simulation/controller.srcs/sources_1/new/PC.v(1): WARNING: overwriting previous definition of module 'PC' (VERI-1206)
INFO: analyzing module PC_mux (VERI-9002)
C:/Users/shrin/Desktop/Vivado_projects/Lipsi_Project/simulation/controller.srcs/sources_1/new/PC_mux.v(1): WARNING: overwriting previous definition of module 'PC_mux' (VERI-1206)
INFO: analyzing module accumulator (VERI-9002)
C:/Users/shrin/Desktop/Vivado_projects/Lipsi_Project/simulation/controller.srcs/sources_1/new/accumulator.v(1): WARNING: overwriting previous definition of module 'accumulator' (VERI-1206)
INFO: analyzing module addr_mux (VERI-9002)
C:/Users/shrin/Desktop/Vivado_projects/Lipsi_Project/simulation/controller.srcs/sources_1/new/addr_mux.v(1): WARNING: overwriting previous definition of module 'addr_mux' (VERI-1206)
INFO: analyzing module clk_div_by_100K (VERI-9002)
C:/Users/shrin/Desktop/Vivado_projects/Lipsi_Project/simulation/controller.srcs/sources_1/new/clk_div_by_100K.v(1): WARNING: overwriting previous definition of module 'clk_div_by_100K' (VERI-1206)
INFO: analyzing module clk_div_by_50M (VERI-9002)
C:/Users/shrin/AppData/Local/Temp/VivadoEditorAssist14461752854325950369.tmp(1): WARNING: overwriting previous definition of module 'clk_div_by_50M' (VERI-1206)
INFO: analyzing module controller (VERI-9002)
C:/Users/shrin/AppData/Local/Temp/VivadoEditorAssist13151992207799769919.tmp(23): WARNING: overwriting previous definition of module 'controller' (VERI-1206)
INFO: analyzing module counter (VERI-9002)
C:/Users/shrin/Desktop/Vivado_projects/Lipsi_Project/simulation/controller.srcs/sources_1/new/counter.v(1): WARNING: overwriting previous definition of module 'counter' (VERI-1206)
INFO: analyzing module data_mux (VERI-9002)
C:/Users/shrin/Desktop/Vivado_projects/Lipsi_Project/simulation/controller.srcs/sources_1/new/data_mux.v(1): WARNING: overwriting previous definition of module 'data_mux' (VERI-1206)
INFO: analyzing module lipsi_top2 (VERI-9002)
C:/Users/shrin/AppData/Local/Temp/VivadoEditorAssist9892906910090639108.tmp(1): WARNING: overwriting previous definition of module 'lipsi_top2' (VERI-1206)
INFO: analyzing module memory (VERI-9002)
C:/Users/shrin/AppData/Local/Temp/VivadoEditorAssist2286267841118458563.tmp(1): WARNING: overwriting previous definition of module 'memory' (VERI-1206)
INFO: analyzing module seven_segment (VERI-9002)
C:/Users/shrin/AppData/Local/Temp/VivadoEditorAssist3978325286936898682.tmp(1): WARNING: overwriting previous definition of module 'seven_segment' (VERI-1206)
INFO: analyzing module tb (VERI-9002)
C:/Users/shrin/AppData/Local/Temp/VivadoEditorAssist14030589359749840242.tmp(23): WARNING: overwriting previous definition of module 'tb' (VERI-1206)
srcscan exits with return value 0
