********************************************************************************
* Unified simulation Tcl App stack trace dump
*
* File: .usf.tcl_error.log (Fri Apr 18 17:42:14 2025)
*
* This file is generated by the unified simulation automation and contains the
* tcl stack trace of error returned by the simulator App for the current run.
*
********************************************************************************

    while executing
"get_files -all -quiet -filter $ft"
    (procedure "xcs_is_embedded_flow" line 7)
    invoked from within
"xcs_is_embedded_flow"
    (procedure "xcs_generate_mem_files_for_simulation" line 8)
    invoked from within
"xcs_generate_mem_files_for_simulation $a_sim_vars(sp_tcl_obj) $a_sim_vars(s_launch_dir)"
    (procedure "usf_xsim_setup_simulation" line 95)
    invoked from within
"usf_xsim_setup_simulation"
    (procedure "tclapp::xilinx::xsim::setup" line 24)
    invoked from within
"tclapp::xilinx::xsim::setup { -simset sim_1 -mode post-synthesis -type timing -run_dir C:/Users/shrin/Desktop/Vivado_projects/Lipsi_Project/simulation..."
