
*** Running vivado
    with args -log tb.vds -m64 -product Vivado -mode batch -messageDb vivado.pb -notrace -source tb.tcl


ECHO is off.
ECHO is off.

****** Vivado v2023.2 (64-bit)
  **** SW Build 4029153 on Fri Oct 13 20:14:34 MDT 2023
  **** IP Build 4028589 on Sat Oct 14 00:45:43 MDT 2023
  **** SharedData Build 4025554 on Tue Oct 10 17:18:54 MDT 2023
    ** Copyright 1986-2022 Xilinx, Inc. All Rights Reserved.
    ** Copyright 2022-2023 Advanced Micro Devices, Inc. All Rights Reserved.

source tb.tcl -notrace
create_project: Time (s): cpu = 00:00:08 ; elapsed = 00:00:08 . Memory (MB): peak = 495.297 ; gain = 219.488
Command: read_checkpoint -auto_incremental -incremental C:/Users/shrin/Desktop/Vivado_projects/Lipsi_project/simulation/controller.srcs/utils_1/imports/synth_1/seven_seg_display.dcp
INFO: [Vivado 12-5825] Read reference checkpoint from C:/Users/shrin/Desktop/Vivado_projects/Lipsi_project/simulation/controller.srcs/utils_1/imports/synth_1/seven_seg_display.dcp for incremental synthesis
INFO: [Vivado 12-7989] Please ensure there are no constraint changes
Command: synth_design -top tb -part xc7a35tcpg236-1
Starting synth_design
Attempting to get a license for feature 'Synthesis' and/or device 'xc7a35t'
INFO: [Common 17-349] Got license for feature 'Synthesis' and/or device 'xc7a35t'
INFO: [Device 21-403] Loading part xc7a35tcpg236-1
INFO: [Designutils 20-5440] No compile time benefit to using incremental synthesis; A full resynthesis will be run
INFO: [Designutils 20-4379] Flow is switching to default flow due to incremental criteria not met. If you would like to alter this behaviour and have the flow terminate instead, please set the following parameter config_implementation {autoIncr.Synth.RejectBehavior Terminate}
INFO: [Synth 8-7079] Multithreading enabled for synth_design using a maximum of 2 processes.
INFO: [Synth 8-7078] Launching helper process for spawning children vivado processes
INFO: [Synth 8-7075] Helper process launched with PID 6348
---------------------------------------------------------------------------------
Starting RTL Elaboration : Time (s): cpu = 00:00:05 ; elapsed = 00:00:06 . Memory (MB): peak = 1329.738 ; gain = 439.645
---------------------------------------------------------------------------------
INFO: [Synth 8-6157] synthesizing module 'tb' [C:/Users/shrin/Desktop/Vivado_projects/Lipsi_project/simulation/controller.srcs/sources_1/new/tb.v:23]
INFO: [Synth 8-6157] synthesizing module 'lipsi_top2' [C:/Users/shrin/Desktop/Vivado_projects/Lipsi_project/simulation/controller.srcs/sources_1/new/lipsi_top2.v:1]
INFO: [Synth 8-6157] synthesizing module 'controller' [C:/Users/shrin/Desktop/Vivado_projects/Lipsi_project/simulation/controller.srcs/sources_1/new/controller.v:23]
WARNING: [Synth 8-567] referenced signal 'state' should be on the sensitivity list [C:/Users/shrin/Desktop/Vivado_projects/Lipsi_project/simulation/controller.srcs/sources_1/new/controller.v:74]
INFO: [Synth 8-155] case statement is not full and has no default [C:/Users/shrin/Desktop/Vivado_projects/Lipsi_project/simulation/controller.srcs/sources_1/new/controller.v:92]
INFO: [Synth 8-155] case statement is not full and has no default [C:/Users/shrin/Desktop/Vivado_projects/Lipsi_project/simulation/controller.srcs/sources_1/new/controller.v:126]
INFO: [Synth 8-155] case statement is not full and has no default [C:/Users/shrin/Desktop/Vivado_projects/Lipsi_project/simulation/controller.srcs/sources_1/new/controller.v:159]
INFO: [Synth 8-155] case statement is not full and has no default [C:/Users/shrin/Desktop/Vivado_projects/Lipsi_project/simulation/controller.srcs/sources_1/new/controller.v:190]
INFO: [Synth 8-155] case statement is not full and has no default [C:/Users/shrin/Desktop/Vivado_projects/Lipsi_project/simulation/controller.srcs/sources_1/new/controller.v:235]
INFO: [Synth 8-155] case statement is not full and has no default [C:/Users/shrin/Desktop/Vivado_projects/Lipsi_project/simulation/controller.srcs/sources_1/new/controller.v:283]
INFO: [Synth 8-155] case statement is not full and has no default [C:/Users/shrin/Desktop/Vivado_projects/Lipsi_project/simulation/controller.srcs/sources_1/new/controller.v:316]
INFO: [Synth 8-155] case statement is not full and has no default [C:/Users/shrin/Desktop/Vivado_projects/Lipsi_project/simulation/controller.srcs/sources_1/new/controller.v:352]
INFO: [Synth 8-155] case statement is not full and has no default [C:/Users/shrin/Desktop/Vivado_projects/Lipsi_project/simulation/controller.srcs/sources_1/new/controller.v:281]
INFO: [Synth 8-155] case statement is not full and has no default [C:/Users/shrin/Desktop/Vivado_projects/Lipsi_project/simulation/controller.srcs/sources_1/new/controller.v:405]
WARNING: [Synth 8-567] referenced signal 'accumulator' should be on the sensitivity list [C:/Users/shrin/Desktop/Vivado_projects/Lipsi_project/simulation/controller.srcs/sources_1/new/controller.v:90]
INFO: [Synth 8-6155] done synthesizing module 'controller' (0#1) [C:/Users/shrin/Desktop/Vivado_projects/Lipsi_project/simulation/controller.srcs/sources_1/new/controller.v:23]
INFO: [Synth 8-6157] synthesizing module 'memory' [C:/Users/shrin/Desktop/Vivado_projects/Lipsi_project/simulation/controller.srcs/sources_1/new/reg_file.v:1]
INFO: [Synth 8-6155] done synthesizing module 'memory' (0#1) [C:/Users/shrin/Desktop/Vivado_projects/Lipsi_project/simulation/controller.srcs/sources_1/new/reg_file.v:1]
INFO: [Synth 8-6157] synthesizing module 'accumulator' [C:/Users/shrin/Desktop/Vivado_projects/Lipsi_project/simulation/controller.srcs/sources_1/new/accumulator.v:1]
INFO: [Synth 8-6155] done synthesizing module 'accumulator' (0#1) [C:/Users/shrin/Desktop/Vivado_projects/Lipsi_project/simulation/controller.srcs/sources_1/new/accumulator.v:1]
INFO: [Synth 8-6157] synthesizing module 'PC_mux' [C:/Users/shrin/Desktop/Vivado_projects/Lipsi_project/simulation/controller.srcs/sources_1/new/PC_mux.v:1]
INFO: [Synth 8-6155] done synthesizing module 'PC_mux' (0#1) [C:/Users/shrin/Desktop/Vivado_projects/Lipsi_project/simulation/controller.srcs/sources_1/new/PC_mux.v:1]
INFO: [Synth 8-6157] synthesizing module 'PC' [C:/Users/shrin/Desktop/Vivado_projects/Lipsi_project/simulation/controller.srcs/sources_1/new/PC.v:1]
INFO: [Synth 8-6155] done synthesizing module 'PC' (0#1) [C:/Users/shrin/Desktop/Vivado_projects/Lipsi_project/simulation/controller.srcs/sources_1/new/PC.v:1]
INFO: [Synth 8-6157] synthesizing module 'addr_mux' [C:/Users/shrin/Desktop/Vivado_projects/Lipsi_project/simulation/controller.srcs/sources_1/new/addr_mux.v:1]
INFO: [Synth 8-6155] done synthesizing module 'addr_mux' (0#1) [C:/Users/shrin/Desktop/Vivado_projects/Lipsi_project/simulation/controller.srcs/sources_1/new/addr_mux.v:1]
INFO: [Synth 8-6157] synthesizing module 'counter' [C:/Users/shrin/Desktop/Vivado_projects/Lipsi_project/simulation/controller.srcs/sources_1/new/counter.v:1]
INFO: [Synth 8-6155] done synthesizing module 'counter' (0#1) [C:/Users/shrin/Desktop/Vivado_projects/Lipsi_project/simulation/controller.srcs/sources_1/new/counter.v:1]
INFO: [Synth 8-6157] synthesizing module 'data_mux' [C:/Users/shrin/Desktop/Vivado_projects/Lipsi_project/simulation/controller.srcs/sources_1/new/data_mux.v:1]
INFO: [Synth 8-6155] done synthesizing module 'data_mux' (0#1) [C:/Users/shrin/Desktop/Vivado_projects/Lipsi_project/simulation/controller.srcs/sources_1/new/data_mux.v:1]
INFO: [Synth 8-6157] synthesizing module 'ALU' [C:/Users/shrin/Desktop/Vivado_projects/Lipsi_project/simulation/controller.srcs/sources_1/new/ALU.v:1]
INFO: [Synth 8-6155] done synthesizing module 'ALU' (0#1) [C:/Users/shrin/Desktop/Vivado_projects/Lipsi_project/simulation/controller.srcs/sources_1/new/ALU.v:1]
INFO: [Synth 8-6155] done synthesizing module 'lipsi_top2' (0#1) [C:/Users/shrin/Desktop/Vivado_projects/Lipsi_project/simulation/controller.srcs/sources_1/new/lipsi_top2.v:1]
WARNING: [Synth 8-85] always block has no event control specified [C:/Users/shrin/Desktop/Vivado_projects/Lipsi_project/simulation/controller.srcs/sources_1/new/tb.v:38]
INFO: [Synth 8-6155] done synthesizing module 'tb' (0#1) [C:/Users/shrin/Desktop/Vivado_projects/Lipsi_project/simulation/controller.srcs/sources_1/new/tb.v:23]
WARNING: [Synth 8-7137] Register ins_store_reg in module controller has both Set and reset with same priority. This may cause simulation mismatches. Consider rewriting code  [C:/Users/shrin/Desktop/Vivado_projects/Lipsi_project/simulation/controller.srcs/sources_1/new/controller.v:68]
WARNING: [Synth 8-7137] Register data_mem_reg[511] in module memory has both Set and reset with same priority. This may cause simulation mismatches. Consider rewriting code  [C:/Users/shrin/Desktop/Vivado_projects/Lipsi_project/simulation/controller.srcs/sources_1/new/reg_file.v:15]
WARNING: [Synth 8-7137] Register data_mem_reg[510] in module memory has both Set and reset with same priority. This may cause simulation mismatches. Consider rewriting code  [C:/Users/shrin/Desktop/Vivado_projects/Lipsi_project/simulation/controller.srcs/sources_1/new/reg_file.v:15]
WARNING: [Synth 8-7137] Register data_mem_reg[509] in module memory has both Set and reset with same priority. This may cause simulation mismatches. Consider rewriting code  [C:/Users/shrin/Desktop/Vivado_projects/Lipsi_project/simulation/controller.srcs/sources_1/new/reg_file.v:15]
WARNING: [Synth 8-7137] Register data_mem_reg[508] in module memory has both Set and reset with same priority. This may cause simulation mismatches. Consider rewriting code  [C:/Users/shrin/Desktop/Vivado_projects/Lipsi_project/simulation/controller.srcs/sources_1/new/reg_file.v:15]
WARNING: [Synth 8-7137] Register data_mem_reg[507] in module memory has both Set and reset with same priority. This may cause simulation mismatches. Consider rewriting code  [C:/Users/shrin/Desktop/Vivado_projects/Lipsi_project/simulation/controller.srcs/sources_1/new/reg_file.v:15]
WARNING: [Synth 8-7137] Register data_mem_reg[506] in module memory has both Set and reset with same priority. This may cause simulation mismatches. Consider rewriting code  [C:/Users/shrin/Desktop/Vivado_projects/Lipsi_project/simulation/controller.srcs/sources_1/new/reg_file.v:15]
WARNING: [Synth 8-7137] Register data_mem_reg[505] in module memory has both Set and reset with same priority. This may cause simulation mismatches. Consider rewriting code  [C:/Users/shrin/Desktop/Vivado_projects/Lipsi_project/simulation/controller.srcs/sources_1/new/reg_file.v:15]
WARNING: [Synth 8-7137] Register data_mem_reg[504] in module memory has both Set and reset with same priority. This may cause simulation mismatches. Consider rewriting code  [C:/Users/shrin/Desktop/Vivado_projects/Lipsi_project/simulation/controller.srcs/sources_1/new/reg_file.v:15]
WARNING: [Synth 8-7137] Register data_mem_reg[503] in module memory has both Set and reset with same priority. This may cause simulation mismatches. Consider rewriting code  [C:/Users/shrin/Desktop/Vivado_projects/Lipsi_project/simulation/controller.srcs/sources_1/new/reg_file.v:15]
WARNING: [Synth 8-7137] Register data_mem_reg[502] in module memory has both Set and reset with same priority. This may cause simulation mismatches. Consider rewriting code  [C:/Users/shrin/Desktop/Vivado_projects/Lipsi_project/simulation/controller.srcs/sources_1/new/reg_file.v:15]
WARNING: [Synth 8-7137] Register data_mem_reg[501] in module memory has both Set and reset with same priority. This may cause simulation mismatches. Consider rewriting code  [C:/Users/shrin/Desktop/Vivado_projects/Lipsi_project/simulation/controller.srcs/sources_1/new/reg_file.v:15]
WARNING: [Synth 8-7137] Register data_mem_reg[500] in module memory has both Set and reset with same priority. This may cause simulation mismatches. Consider rewriting code  [C:/Users/shrin/Desktop/Vivado_projects/Lipsi_project/simulation/controller.srcs/sources_1/new/reg_file.v:15]
WARNING: [Synth 8-7137] Register data_mem_reg[499] in module memory has both Set and reset with same priority. This may cause simulation mismatches. Consider rewriting code  [C:/Users/shrin/Desktop/Vivado_projects/Lipsi_project/simulation/controller.srcs/sources_1/new/reg_file.v:15]
WARNING: [Synth 8-7137] Register data_mem_reg[498] in module memory has both Set and reset with same priority. This may cause simulation mismatches. Consider rewriting code  [C:/Users/shrin/Desktop/Vivado_projects/Lipsi_project/simulation/controller.srcs/sources_1/new/reg_file.v:15]
WARNING: [Synth 8-7137] Register data_mem_reg[497] in module memory has both Set and reset with same priority. This may cause simulation mismatches. Consider rewriting code  [C:/Users/shrin/Desktop/Vivado_projects/Lipsi_project/simulation/controller.srcs/sources_1/new/reg_file.v:15]
WARNING: [Synth 8-7137] Register data_mem_reg[496] in module memory has both Set and reset with same priority. This may cause simulation mismatches. Consider rewriting code  [C:/Users/shrin/Desktop/Vivado_projects/Lipsi_project/simulation/controller.srcs/sources_1/new/reg_file.v:15]
WARNING: [Synth 8-7137] Register data_mem_reg[495] in module memory has both Set and reset with same priority. This may cause simulation mismatches. Consider rewriting code  [C:/Users/shrin/Desktop/Vivado_projects/Lipsi_project/simulation/controller.srcs/sources_1/new/reg_file.v:15]
WARNING: [Synth 8-7137] Register data_mem_reg[494] in module memory has both Set and reset with same priority. This may cause simulation mismatches. Consider rewriting code  [C:/Users/shrin/Desktop/Vivado_projects/Lipsi_project/simulation/controller.srcs/sources_1/new/reg_file.v:15]
WARNING: [Synth 8-7137] Register data_mem_reg[493] in module memory has both Set and reset with same priority. This may cause simulation mismatches. Consider rewriting code  [C:/Users/shrin/Desktop/Vivado_projects/Lipsi_project/simulation/controller.srcs/sources_1/new/reg_file.v:15]
WARNING: [Synth 8-7137] Register data_mem_reg[492] in module memory has both Set and reset with same priority. This may cause simulation mismatches. Consider rewriting code  [C:/Users/shrin/Desktop/Vivado_projects/Lipsi_project/simulation/controller.srcs/sources_1/new/reg_file.v:15]
WARNING: [Synth 8-7137] Register data_mem_reg[491] in module memory has both Set and reset with same priority. This may cause simulation mismatches. Consider rewriting code  [C:/Users/shrin/Desktop/Vivado_projects/Lipsi_project/simulation/controller.srcs/sources_1/new/reg_file.v:15]
WARNING: [Synth 8-7137] Register data_mem_reg[490] in module memory has both Set and reset with same priority. This may cause simulation mismatches. Consider rewriting code  [C:/Users/shrin/Desktop/Vivado_projects/Lipsi_project/simulation/controller.srcs/sources_1/new/reg_file.v:15]
WARNING: [Synth 8-7137] Register data_mem_reg[489] in module memory has both Set and reset with same priority. This may cause simulation mismatches. Consider rewriting code  [C:/Users/shrin/Desktop/Vivado_projects/Lipsi_project/simulation/controller.srcs/sources_1/new/reg_file.v:15]
WARNING: [Synth 8-7137] Register data_mem_reg[488] in module memory has both Set and reset with same priority. This may cause simulation mismatches. Consider rewriting code  [C:/Users/shrin/Desktop/Vivado_projects/Lipsi_project/simulation/controller.srcs/sources_1/new/reg_file.v:15]
WARNING: [Synth 8-7137] Register data_mem_reg[487] in module memory has both Set and reset with same priority. This may cause simulation mismatches. Consider rewriting code  [C:/Users/shrin/Desktop/Vivado_projects/Lipsi_project/simulation/controller.srcs/sources_1/new/reg_file.v:15]
WARNING: [Synth 8-7137] Register data_mem_reg[486] in module memory has both Set and reset with same priority. This may cause simulation mismatches. Consider rewriting code  [C:/Users/shrin/Desktop/Vivado_projects/Lipsi_project/simulation/controller.srcs/sources_1/new/reg_file.v:15]
WARNING: [Synth 8-7137] Register data_mem_reg[485] in module memory has both Set and reset with same priority. This may cause simulation mismatches. Consider rewriting code  [C:/Users/shrin/Desktop/Vivado_projects/Lipsi_project/simulation/controller.srcs/sources_1/new/reg_file.v:15]
WARNING: [Synth 8-7137] Register data_mem_reg[484] in module memory has both Set and reset with same priority. This may cause simulation mismatches. Consider rewriting code  [C:/Users/shrin/Desktop/Vivado_projects/Lipsi_project/simulation/controller.srcs/sources_1/new/reg_file.v:15]
WARNING: [Synth 8-7137] Register data_mem_reg[483] in module memory has both Set and reset with same priority. This may cause simulation mismatches. Consider rewriting code  [C:/Users/shrin/Desktop/Vivado_projects/Lipsi_project/simulation/controller.srcs/sources_1/new/reg_file.v:15]
WARNING: [Synth 8-7137] Register data_mem_reg[482] in module memory has both Set and reset with same priority. This may cause simulation mismatches. Consider rewriting code  [C:/Users/shrin/Desktop/Vivado_projects/Lipsi_project/simulation/controller.srcs/sources_1/new/reg_file.v:15]
WARNING: [Synth 8-7137] Register data_mem_reg[481] in module memory has both Set and reset with same priority. This may cause simulation mismatches. Consider rewriting code  [C:/Users/shrin/Desktop/Vivado_projects/Lipsi_project/simulation/controller.srcs/sources_1/new/reg_file.v:15]
WARNING: [Synth 8-7137] Register data_mem_reg[480] in module memory has both Set and reset with same priority. This may cause simulation mismatches. Consider rewriting code  [C:/Users/shrin/Desktop/Vivado_projects/Lipsi_project/simulation/controller.srcs/sources_1/new/reg_file.v:15]
WARNING: [Synth 8-7137] Register data_mem_reg[479] in module memory has both Set and reset with same priority. This may cause simulation mismatches. Consider rewriting code  [C:/Users/shrin/Desktop/Vivado_projects/Lipsi_project/simulation/controller.srcs/sources_1/new/reg_file.v:15]
WARNING: [Synth 8-7137] Register data_mem_reg[478] in module memory has both Set and reset with same priority. This may cause simulation mismatches. Consider rewriting code  [C:/Users/shrin/Desktop/Vivado_projects/Lipsi_project/simulation/controller.srcs/sources_1/new/reg_file.v:15]
WARNING: [Synth 8-7137] Register data_mem_reg[477] in module memory has both Set and reset with same priority. This may cause simulation mismatches. Consider rewriting code  [C:/Users/shrin/Desktop/Vivado_projects/Lipsi_project/simulation/controller.srcs/sources_1/new/reg_file.v:15]
WARNING: [Synth 8-7137] Register data_mem_reg[476] in module memory has both Set and reset with same priority. This may cause simulation mismatches. Consider rewriting code  [C:/Users/shrin/Desktop/Vivado_projects/Lipsi_project/simulation/controller.srcs/sources_1/new/reg_file.v:15]
WARNING: [Synth 8-7137] Register data_mem_reg[475] in module memory has both Set and reset with same priority. This may cause simulation mismatches. Consider rewriting code  [C:/Users/shrin/Desktop/Vivado_projects/Lipsi_project/simulation/controller.srcs/sources_1/new/reg_file.v:15]
WARNING: [Synth 8-7137] Register data_mem_reg[474] in module memory has both Set and reset with same priority. This may cause simulation mismatches. Consider rewriting code  [C:/Users/shrin/Desktop/Vivado_projects/Lipsi_project/simulation/controller.srcs/sources_1/new/reg_file.v:15]
WARNING: [Synth 8-7137] Register data_mem_reg[473] in module memory has both Set and reset with same priority. This may cause simulation mismatches. Consider rewriting code  [C:/Users/shrin/Desktop/Vivado_projects/Lipsi_project/simulation/controller.srcs/sources_1/new/reg_file.v:15]
WARNING: [Synth 8-7137] Register data_mem_reg[472] in module memory has both Set and reset with same priority. This may cause simulation mismatches. Consider rewriting code  [C:/Users/shrin/Desktop/Vivado_projects/Lipsi_project/simulation/controller.srcs/sources_1/new/reg_file.v:15]
WARNING: [Synth 8-7137] Register data_mem_reg[471] in module memory has both Set and reset with same priority. This may cause simulation mismatches. Consider rewriting code  [C:/Users/shrin/Desktop/Vivado_projects/Lipsi_project/simulation/controller.srcs/sources_1/new/reg_file.v:15]
WARNING: [Synth 8-7137] Register data_mem_reg[470] in module memory has both Set and reset with same priority. This may cause simulation mismatches. Consider rewriting code  [C:/Users/shrin/Desktop/Vivado_projects/Lipsi_project/simulation/controller.srcs/sources_1/new/reg_file.v:15]
WARNING: [Synth 8-7137] Register data_mem_reg[469] in module memory has both Set and reset with same priority. This may cause simulation mismatches. Consider rewriting code  [C:/Users/shrin/Desktop/Vivado_projects/Lipsi_project/simulation/controller.srcs/sources_1/new/reg_file.v:15]
WARNING: [Synth 8-7137] Register data_mem_reg[468] in module memory has both Set and reset with same priority. This may cause simulation mismatches. Consider rewriting code  [C:/Users/shrin/Desktop/Vivado_projects/Lipsi_project/simulation/controller.srcs/sources_1/new/reg_file.v:15]
WARNING: [Synth 8-7137] Register data_mem_reg[467] in module memory has both Set and reset with same priority. This may cause simulation mismatches. Consider rewriting code  [C:/Users/shrin/Desktop/Vivado_projects/Lipsi_project/simulation/controller.srcs/sources_1/new/reg_file.v:15]
WARNING: [Synth 8-7137] Register data_mem_reg[466] in module memory has both Set and reset with same priority. This may cause simulation mismatches. Consider rewriting code  [C:/Users/shrin/Desktop/Vivado_projects/Lipsi_project/simulation/controller.srcs/sources_1/new/reg_file.v:15]
WARNING: [Synth 8-7137] Register data_mem_reg[465] in module memory has both Set and reset with same priority. This may cause simulation mismatches. Consider rewriting code  [C:/Users/shrin/Desktop/Vivado_projects/Lipsi_project/simulation/controller.srcs/sources_1/new/reg_file.v:15]
WARNING: [Synth 8-7137] Register data_mem_reg[464] in module memory has both Set and reset with same priority. This may cause simulation mismatches. Consider rewriting code  [C:/Users/shrin/Desktop/Vivado_projects/Lipsi_project/simulation/controller.srcs/sources_1/new/reg_file.v:15]
WARNING: [Synth 8-7137] Register data_mem_reg[463] in module memory has both Set and reset with same priority. This may cause simulation mismatches. Consider rewriting code  [C:/Users/shrin/Desktop/Vivado_projects/Lipsi_project/simulation/controller.srcs/sources_1/new/reg_file.v:15]
WARNING: [Synth 8-7137] Register data_mem_reg[462] in module memory has both Set and reset with same priority. This may cause simulation mismatches. Consider rewriting code  [C:/Users/shrin/Desktop/Vivado_projects/Lipsi_project/simulation/controller.srcs/sources_1/new/reg_file.v:15]
WARNING: [Synth 8-7137] Register data_mem_reg[461] in module memory has both Set and reset with same priority. This may cause simulation mismatches. Consider rewriting code  [C:/Users/shrin/Desktop/Vivado_projects/Lipsi_project/simulation/controller.srcs/sources_1/new/reg_file.v:15]
WARNING: [Synth 8-7137] Register data_mem_reg[460] in module memory has both Set and reset with same priority. This may cause simulation mismatches. Consider rewriting code  [C:/Users/shrin/Desktop/Vivado_projects/Lipsi_project/simulation/controller.srcs/sources_1/new/reg_file.v:15]
WARNING: [Synth 8-7137] Register data_mem_reg[459] in module memory has both Set and reset with same priority. This may cause simulation mismatches. Consider rewriting code  [C:/Users/shrin/Desktop/Vivado_projects/Lipsi_project/simulation/controller.srcs/sources_1/new/reg_file.v:15]
WARNING: [Synth 8-7137] Register data_mem_reg[458] in module memory has both Set and reset with same priority. This may cause simulation mismatches. Consider rewriting code  [C:/Users/shrin/Desktop/Vivado_projects/Lipsi_project/simulation/controller.srcs/sources_1/new/reg_file.v:15]
WARNING: [Synth 8-7137] Register data_mem_reg[457] in module memory has both Set and reset with same priority. This may cause simulation mismatches. Consider rewriting code  [C:/Users/shrin/Desktop/Vivado_projects/Lipsi_project/simulation/controller.srcs/sources_1/new/reg_file.v:15]
WARNING: [Synth 8-7137] Register data_mem_reg[456] in module memory has both Set and reset with same priority. This may cause simulation mismatches. Consider rewriting code  [C:/Users/shrin/Desktop/Vivado_projects/Lipsi_project/simulation/controller.srcs/sources_1/new/reg_file.v:15]
WARNING: [Synth 8-7137] Register data_mem_reg[455] in module memory has both Set and reset with same priority. This may cause simulation mismatches. Consider rewriting code  [C:/Users/shrin/Desktop/Vivado_projects/Lipsi_project/simulation/controller.srcs/sources_1/new/reg_file.v:15]
WARNING: [Synth 8-7137] Register data_mem_reg[454] in module memory has both Set and reset with same priority. This may cause simulation mismatches. Consider rewriting code  [C:/Users/shrin/Desktop/Vivado_projects/Lipsi_project/simulation/controller.srcs/sources_1/new/reg_file.v:15]
WARNING: [Synth 8-7137] Register data_mem_reg[453] in module memory has both Set and reset with same priority. This may cause simulation mismatches. Consider rewriting code  [C:/Users/shrin/Desktop/Vivado_projects/Lipsi_project/simulation/controller.srcs/sources_1/new/reg_file.v:15]
WARNING: [Synth 8-7137] Register data_mem_reg[452] in module memory has both Set and reset with same priority. This may cause simulation mismatches. Consider rewriting code  [C:/Users/shrin/Desktop/Vivado_projects/Lipsi_project/simulation/controller.srcs/sources_1/new/reg_file.v:15]
WARNING: [Synth 8-7137] Register data_mem_reg[451] in module memory has both Set and reset with same priority. This may cause simulation mismatches. Consider rewriting code  [C:/Users/shrin/Desktop/Vivado_projects/Lipsi_project/simulation/controller.srcs/sources_1/new/reg_file.v:15]
WARNING: [Synth 8-7137] Register data_mem_reg[450] in module memory has both Set and reset with same priority. This may cause simulation mismatches. Consider rewriting code  [C:/Users/shrin/Desktop/Vivado_projects/Lipsi_project/simulation/controller.srcs/sources_1/new/reg_file.v:15]
WARNING: [Synth 8-7137] Register data_mem_reg[449] in module memory has both Set and reset with same priority. This may cause simulation mismatches. Consider rewriting code  [C:/Users/shrin/Desktop/Vivado_projects/Lipsi_project/simulation/controller.srcs/sources_1/new/reg_file.v:15]
WARNING: [Synth 8-7137] Register data_mem_reg[448] in module memory has both Set and reset with same priority. This may cause simulation mismatches. Consider rewriting code  [C:/Users/shrin/Desktop/Vivado_projects/Lipsi_project/simulation/controller.srcs/sources_1/new/reg_file.v:15]
WARNING: [Synth 8-7137] Register data_mem_reg[447] in module memory has both Set and reset with same priority. This may cause simulation mismatches. Consider rewriting code  [C:/Users/shrin/Desktop/Vivado_projects/Lipsi_project/simulation/controller.srcs/sources_1/new/reg_file.v:15]
WARNING: [Synth 8-7137] Register data_mem_reg[446] in module memory has both Set and reset with same priority. This may cause simulation mismatches. Consider rewriting code  [C:/Users/shrin/Desktop/Vivado_projects/Lipsi_project/simulation/controller.srcs/sources_1/new/reg_file.v:15]
WARNING: [Synth 8-7137] Register data_mem_reg[445] in module memory has both Set and reset with same priority. This may cause simulation mismatches. Consider rewriting code  [C:/Users/shrin/Desktop/Vivado_projects/Lipsi_project/simulation/controller.srcs/sources_1/new/reg_file.v:15]
WARNING: [Synth 8-7137] Register data_mem_reg[444] in module memory has both Set and reset with same priority. This may cause simulation mismatches. Consider rewriting code  [C:/Users/shrin/Desktop/Vivado_projects/Lipsi_project/simulation/controller.srcs/sources_1/new/reg_file.v:15]
WARNING: [Synth 8-7137] Register data_mem_reg[443] in module memory has both Set and reset with same priority. This may cause simulation mismatches. Consider rewriting code  [C:/Users/shrin/Desktop/Vivado_projects/Lipsi_project/simulation/controller.srcs/sources_1/new/reg_file.v:15]
WARNING: [Synth 8-7137] Register data_mem_reg[442] in module memory has both Set and reset with same priority. This may cause simulation mismatches. Consider rewriting code  [C:/Users/shrin/Desktop/Vivado_projects/Lipsi_project/simulation/controller.srcs/sources_1/new/reg_file.v:15]
WARNING: [Synth 8-7137] Register data_mem_reg[441] in module memory has both Set and reset with same priority. This may cause simulation mismatches. Consider rewriting code  [C:/Users/shrin/Desktop/Vivado_projects/Lipsi_project/simulation/controller.srcs/sources_1/new/reg_file.v:15]
WARNING: [Synth 8-7137] Register data_mem_reg[440] in module memory has both Set and reset with same priority. This may cause simulation mismatches. Consider rewriting code  [C:/Users/shrin/Desktop/Vivado_projects/Lipsi_project/simulation/controller.srcs/sources_1/new/reg_file.v:15]
WARNING: [Synth 8-7137] Register data_mem_reg[439] in module memory has both Set and reset with same priority. This may cause simulation mismatches. Consider rewriting code  [C:/Users/shrin/Desktop/Vivado_projects/Lipsi_project/simulation/controller.srcs/sources_1/new/reg_file.v:15]
WARNING: [Synth 8-7137] Register data_mem_reg[438] in module memory has both Set and reset with same priority. This may cause simulation mismatches. Consider rewriting code  [C:/Users/shrin/Desktop/Vivado_projects/Lipsi_project/simulation/controller.srcs/sources_1/new/reg_file.v:15]
WARNING: [Synth 8-7137] Register data_mem_reg[437] in module memory has both Set and reset with same priority. This may cause simulation mismatches. Consider rewriting code  [C:/Users/shrin/Desktop/Vivado_projects/Lipsi_project/simulation/controller.srcs/sources_1/new/reg_file.v:15]
WARNING: [Synth 8-7137] Register data_mem_reg[436] in module memory has both Set and reset with same priority. This may cause simulation mismatches. Consider rewriting code  [C:/Users/shrin/Desktop/Vivado_projects/Lipsi_project/simulation/controller.srcs/sources_1/new/reg_file.v:15]
WARNING: [Synth 8-7137] Register data_mem_reg[435] in module memory has both Set and reset with same priority. This may cause simulation mismatches. Consider rewriting code  [C:/Users/shrin/Desktop/Vivado_projects/Lipsi_project/simulation/controller.srcs/sources_1/new/reg_file.v:15]
WARNING: [Synth 8-7137] Register data_mem_reg[434] in module memory has both Set and reset with same priority. This may cause simulation mismatches. Consider rewriting code  [C:/Users/shrin/Desktop/Vivado_projects/Lipsi_project/simulation/controller.srcs/sources_1/new/reg_file.v:15]
WARNING: [Synth 8-7137] Register data_mem_reg[433] in module memory has both Set and reset with same priority. This may cause simulation mismatches. Consider rewriting code  [C:/Users/shrin/Desktop/Vivado_projects/Lipsi_project/simulation/controller.srcs/sources_1/new/reg_file.v:15]
WARNING: [Synth 8-7137] Register data_mem_reg[432] in module memory has both Set and reset with same priority. This may cause simulation mismatches. Consider rewriting code  [C:/Users/shrin/Desktop/Vivado_projects/Lipsi_project/simulation/controller.srcs/sources_1/new/reg_file.v:15]
WARNING: [Synth 8-7137] Register data_mem_reg[431] in module memory has both Set and reset with same priority. This may cause simulation mismatches. Consider rewriting code  [C:/Users/shrin/Desktop/Vivado_projects/Lipsi_project/simulation/controller.srcs/sources_1/new/reg_file.v:15]
WARNING: [Synth 8-7137] Register data_mem_reg[430] in module memory has both Set and reset with same priority. This may cause simulation mismatches. Consider rewriting code  [C:/Users/shrin/Desktop/Vivado_projects/Lipsi_project/simulation/controller.srcs/sources_1/new/reg_file.v:15]
WARNING: [Synth 8-7137] Register data_mem_reg[429] in module memory has both Set and reset with same priority. This may cause simulation mismatches. Consider rewriting code  [C:/Users/shrin/Desktop/Vivado_projects/Lipsi_project/simulation/controller.srcs/sources_1/new/reg_file.v:15]
WARNING: [Synth 8-7137] Register data_mem_reg[428] in module memory has both Set and reset with same priority. This may cause simulation mismatches. Consider rewriting code  [C:/Users/shrin/Desktop/Vivado_projects/Lipsi_project/simulation/controller.srcs/sources_1/new/reg_file.v:15]
WARNING: [Synth 8-7137] Register data_mem_reg[427] in module memory has both Set and reset with same priority. This may cause simulation mismatches. Consider rewriting code  [C:/Users/shrin/Desktop/Vivado_projects/Lipsi_project/simulation/controller.srcs/sources_1/new/reg_file.v:15]
WARNING: [Synth 8-7137] Register data_mem_reg[426] in module memory has both Set and reset with same priority. This may cause simulation mismatches. Consider rewriting code  [C:/Users/shrin/Desktop/Vivado_projects/Lipsi_project/simulation/controller.srcs/sources_1/new/reg_file.v:15]
WARNING: [Synth 8-7137] Register data_mem_reg[425] in module memory has both Set and reset with same priority. This may cause simulation mismatches. Consider rewriting code  [C:/Users/shrin/Desktop/Vivado_projects/Lipsi_project/simulation/controller.srcs/sources_1/new/reg_file.v:15]
WARNING: [Synth 8-7137] Register data_mem_reg[424] in module memory has both Set and reset with same priority. This may cause simulation mismatches. Consider rewriting code  [C:/Users/shrin/Desktop/Vivado_projects/Lipsi_project/simulation/controller.srcs/sources_1/new/reg_file.v:15]
WARNING: [Synth 8-7137] Register data_mem_reg[423] in module memory has both Set and reset with same priority. This may cause simulation mismatches. Consider rewriting code  [C:/Users/shrin/Desktop/Vivado_projects/Lipsi_project/simulation/controller.srcs/sources_1/new/reg_file.v:15]
WARNING: [Synth 8-7137] Register data_mem_reg[422] in module memory has both Set and reset with same priority. This may cause simulation mismatches. Consider rewriting code  [C:/Users/shrin/Desktop/Vivado_projects/Lipsi_project/simulation/controller.srcs/sources_1/new/reg_file.v:15]
WARNING: [Synth 8-7137] Register data_mem_reg[421] in module memory has both Set and reset with same priority. This may cause simulation mismatches. Consider rewriting code  [C:/Users/shrin/Desktop/Vivado_projects/Lipsi_project/simulation/controller.srcs/sources_1/new/reg_file.v:15]
WARNING: [Synth 8-7137] Register data_mem_reg[420] in module memory has both Set and reset with same priority. This may cause simulation mismatches. Consider rewriting code  [C:/Users/shrin/Desktop/Vivado_projects/Lipsi_project/simulation/controller.srcs/sources_1/new/reg_file.v:15]
WARNING: [Synth 8-7137] Register data_mem_reg[419] in module memory has both Set and reset with same priority. This may cause simulation mismatches. Consider rewriting code  [C:/Users/shrin/Desktop/Vivado_projects/Lipsi_project/simulation/controller.srcs/sources_1/new/reg_file.v:15]
WARNING: [Synth 8-7137] Register data_mem_reg[418] in module memory has both Set and reset with same priority. This may cause simulation mismatches. Consider rewriting code  [C:/Users/shrin/Desktop/Vivado_projects/Lipsi_project/simulation/controller.srcs/sources_1/new/reg_file.v:15]
WARNING: [Synth 8-7137] Register data_mem_reg[417] in module memory has both Set and reset with same priority. This may cause simulation mismatches. Consider rewriting code  [C:/Users/shrin/Desktop/Vivado_projects/Lipsi_project/simulation/controller.srcs/sources_1/new/reg_file.v:15]
WARNING: [Synth 8-7137] Register data_mem_reg[416] in module memory has both Set and reset with same priority. This may cause simulation mismatches. Consider rewriting code  [C:/Users/shrin/Desktop/Vivado_projects/Lipsi_project/simulation/controller.srcs/sources_1/new/reg_file.v:15]
WARNING: [Synth 8-7137] Register data_mem_reg[415] in module memory has both Set and reset with same priority. This may cause simulation mismatches. Consider rewriting code  [C:/Users/shrin/Desktop/Vivado_projects/Lipsi_project/simulation/controller.srcs/sources_1/new/reg_file.v:15]
WARNING: [Synth 8-7137] Register data_mem_reg[414] in module memory has both Set and reset with same priority. This may cause simulation mismatches. Consider rewriting code  [C:/Users/shrin/Desktop/Vivado_projects/Lipsi_project/simulation/controller.srcs/sources_1/new/reg_file.v:15]
WARNING: [Synth 8-7137] Register data_mem_reg[413] in module memory has both Set and reset with same priority. This may cause simulation mismatches. Consider rewriting code  [C:/Users/shrin/Desktop/Vivado_projects/Lipsi_project/simulation/controller.srcs/sources_1/new/reg_file.v:15]
INFO: [Common 17-14] Message 'Synth 8-7137' appears 100 times and further instances of the messages will be disabled. Use the Tcl command set_msg_config to change the current settings.
WARNING: [Synth 8-7129] Port reset in module data_mux is either unconnected or has no load
WARNING: [Synth 8-7129] Port reset in module addr_mux is either unconnected or has no load
---------------------------------------------------------------------------------
Finished RTL Elaboration : Time (s): cpu = 00:00:09 ; elapsed = 00:00:11 . Memory (MB): peak = 1599.094 ; gain = 709.000
---------------------------------------------------------------------------------
---------------------------------------------------------------------------------
Start Handling Custom Attributes
---------------------------------------------------------------------------------
---------------------------------------------------------------------------------
Finished Handling Custom Attributes : Time (s): cpu = 00:00:10 ; elapsed = 00:00:11 . Memory (MB): peak = 1599.094 ; gain = 709.000
---------------------------------------------------------------------------------
---------------------------------------------------------------------------------
Finished RTL Optimization Phase 1 : Time (s): cpu = 00:00:10 ; elapsed = 00:00:11 . Memory (MB): peak = 1599.094 ; gain = 709.000
---------------------------------------------------------------------------------
Netlist sorting complete. Time (s): cpu = 00:00:00 ; elapsed = 00:00:00.105 . Memory (MB): peak = 1599.094 ; gain = 0.000
INFO: [Project 1-570] Preparing netlist for logic optimization

Processing XDC Constraints
Initializing timing engine
Parsing XDC File [C:/Users/shrin/Desktop/Vivado_projects/Lipsi_project/simulation/controller.srcs/constrs_1/imports/Vivado_projects/Basys3_Master.xdc]
Finished Parsing XDC File [C:/Users/shrin/Desktop/Vivado_projects/Lipsi_project/simulation/controller.srcs/constrs_1/imports/Vivado_projects/Basys3_Master.xdc]
Completed Processing XDC Constraints

Netlist sorting complete. Time (s): cpu = 00:00:00 ; elapsed = 00:00:00.002 . Memory (MB): peak = 1706.852 ; gain = 0.000
INFO: [Project 1-111] Unisim Transformation Summary:
No Unisim elements were transformed.

The system cannot find the path specified.
Constraint Validation Runtime : Time (s): cpu = 00:00:00 ; elapsed = 00:00:00.038 . Memory (MB): peak = 1706.852 ; gain = 0.000
INFO: [Designutils 20-5440] No compile time benefit to using incremental synthesis; A full resynthesis will be run
INFO: [Designutils 20-4379] Flow is switching to default flow due to incremental criteria not met. If you would like to alter this behaviour and have the flow terminate instead, please set the following parameter config_implementation {autoIncr.Synth.RejectBehavior Terminate}
---------------------------------------------------------------------------------
Finished Constraint Validation : Time (s): cpu = 00:00:18 ; elapsed = 00:00:20 . Memory (MB): peak = 1706.852 ; gain = 816.758
---------------------------------------------------------------------------------
---------------------------------------------------------------------------------
Start Loading Part and Timing Information
---------------------------------------------------------------------------------
Loading part: xc7a35tcpg236-1
---------------------------------------------------------------------------------
Finished Loading Part and Timing Information : Time (s): cpu = 00:00:18 ; elapsed = 00:00:20 . Memory (MB): peak = 1706.852 ; gain = 816.758
---------------------------------------------------------------------------------
---------------------------------------------------------------------------------
Start Applying 'set_property' XDC Constraints
---------------------------------------------------------------------------------
---------------------------------------------------------------------------------
Finished applying 'set_property' XDC Constraints : Time (s): cpu = 00:00:18 ; elapsed = 00:00:20 . Memory (MB): peak = 1706.852 ; gain = 816.758
---------------------------------------------------------------------------------
WARNING: [Synth 8-327] inferring latch for variable 'alu_select_reg' [C:/Users/shrin/Desktop/Vivado_projects/Lipsi_project/simulation/controller.srcs/sources_1/new/controller.v:100]
WARNING: [Synth 8-327] inferring latch for variable 'alu_select_reg' [C:/Users/shrin/Desktop/Vivado_projects/Lipsi_project/simulation/controller.srcs/sources_1/new/controller.v:82]
WARNING: [Synth 8-327] inferring latch for variable 'wr_en_reg' [C:/Users/shrin/Desktop/Vivado_projects/Lipsi_project/simulation/controller.srcs/sources_1/new/controller.v:96]
WARNING: [Synth 8-327] inferring latch for variable 'wr_en_reg' [C:/Users/shrin/Desktop/Vivado_projects/Lipsi_project/simulation/controller.srcs/sources_1/new/controller.v:78]
WARNING: [Synth 8-327] inferring latch for variable 'PC_en_reg' [C:/Users/shrin/Desktop/Vivado_projects/Lipsi_project/simulation/controller.srcs/sources_1/new/controller.v:94]
WARNING: [Synth 8-327] inferring latch for variable 'PC_en_reg' [C:/Users/shrin/Desktop/Vivado_projects/Lipsi_project/simulation/controller.srcs/sources_1/new/controller.v:76]
WARNING: [Synth 8-327] inferring latch for variable 'A_en_reg' [C:/Users/shrin/Desktop/Vivado_projects/Lipsi_project/simulation/controller.srcs/sources_1/new/controller.v:95]
WARNING: [Synth 8-327] inferring latch for variable 'A_en_reg' [C:/Users/shrin/Desktop/Vivado_projects/Lipsi_project/simulation/controller.srcs/sources_1/new/controller.v:77]
WARNING: [Synth 8-327] inferring latch for variable 'ins_store_en_reg' [C:/Users/shrin/Desktop/Vivado_projects/Lipsi_project/simulation/controller.srcs/sources_1/new/controller.v:101]
WARNING: [Synth 8-327] inferring latch for variable 'ins_store_en_reg' [C:/Users/shrin/Desktop/Vivado_projects/Lipsi_project/simulation/controller.srcs/sources_1/new/controller.v:83]
WARNING: [Synth 8-327] inferring latch for variable 'addr_mux_reg' [C:/Users/shrin/Desktop/Vivado_projects/Lipsi_project/simulation/controller.srcs/sources_1/new/controller.v:97]
WARNING: [Synth 8-327] inferring latch for variable 'addr_mux_reg' [C:/Users/shrin/Desktop/Vivado_projects/Lipsi_project/simulation/controller.srcs/sources_1/new/controller.v:79]
WARNING: [Synth 8-327] inferring latch for variable 'data_mux_reg' [C:/Users/shrin/Desktop/Vivado_projects/Lipsi_project/simulation/controller.srcs/sources_1/new/controller.v:98]
WARNING: [Synth 8-327] inferring latch for variable 'data_mux_reg' [C:/Users/shrin/Desktop/Vivado_projects/Lipsi_project/simulation/controller.srcs/sources_1/new/controller.v:80]
WARNING: [Synth 8-327] inferring latch for variable 'PC_mux_reg' [C:/Users/shrin/Desktop/Vivado_projects/Lipsi_project/simulation/controller.srcs/sources_1/new/controller.v:99]
WARNING: [Synth 8-327] inferring latch for variable 'PC_mux_reg' [C:/Users/shrin/Desktop/Vivado_projects/Lipsi_project/simulation/controller.srcs/sources_1/new/controller.v:81]
WARNING: [Synth 8-327] inferring latch for variable 'ns_reg' [C:/Users/shrin/Desktop/Vivado_projects/Lipsi_project/simulation/controller.srcs/sources_1/new/controller.v:104]
WARNING: [Synth 8-327] inferring latch for variable 'ns_reg' [C:/Users/shrin/Desktop/Vivado_projects/Lipsi_project/simulation/controller.srcs/sources_1/new/controller.v:86]
WARNING: [Synth 8-327] inferring latch for variable 'pin_reg' [C:/Users/shrin/Desktop/Vivado_projects/Lipsi_project/simulation/controller.srcs/sources_1/new/controller.v:419]
WARNING: [Synth 8-327] inferring latch for variable 'addr_select_reg' [C:/Users/shrin/Desktop/Vivado_projects/Lipsi_project/simulation/controller.srcs/sources_1/new/controller.v:102]
WARNING: [Synth 8-327] inferring latch for variable 'addr_select_reg' [C:/Users/shrin/Desktop/Vivado_projects/Lipsi_project/simulation/controller.srcs/sources_1/new/controller.v:84]
WARNING: [Synth 8-327] inferring latch for variable 'mem_select_reg' [C:/Users/shrin/Desktop/Vivado_projects/Lipsi_project/simulation/controller.srcs/sources_1/new/controller.v:103]
WARNING: [Synth 8-327] inferring latch for variable 'mem_select_reg' [C:/Users/shrin/Desktop/Vivado_projects/Lipsi_project/simulation/controller.srcs/sources_1/new/controller.v:85]
WARNING: [Synth 8-327] inferring latch for variable 'c_reg' [C:/Users/shrin/Desktop/Vivado_projects/Lipsi_project/simulation/controller.srcs/sources_1/new/ALU.v:16]
---------------------------------------------------------------------------------
Finished RTL Optimization Phase 2 : Time (s): cpu = 00:00:24 ; elapsed = 00:00:28 . Memory (MB): peak = 1706.852 ; gain = 816.758
---------------------------------------------------------------------------------
---------------------------------------------------------------------------------
Start RTL Component Statistics 
---------------------------------------------------------------------------------
Detailed RTL Component Info : 
+---Adders : 
	   2 Input    9 Bit       Adders := 2     
	   3 Input    9 Bit       Adders := 1     
	   4 Input    9 Bit       Adders := 1     
	   2 Input    8 Bit       Adders := 1     
+---XORs : 
	   2 Input      8 Bit         XORs := 1     
+---Registers : 
	                8 Bit    Registers := 273   
	                2 Bit    Registers := 1     
+---Muxes : 
	   2 Input    8 Bit        Muxes := 816   
	   2 Input    3 Bit        Muxes := 5     
	  11 Input    3 Bit        Muxes := 1     
	   2 Input    2 Bit        Muxes := 9     
	   4 Input    2 Bit        Muxes := 4     
	   9 Input    2 Bit        Muxes := 1     
	   8 Input    2 Bit        Muxes := 1     
	  10 Input    2 Bit        Muxes := 1     
	   2 Input    1 Bit        Muxes := 332   
	   4 Input    1 Bit        Muxes := 16    
	   8 Input    1 Bit        Muxes := 11    
---------------------------------------------------------------------------------
Finished RTL Component Statistics 
---------------------------------------------------------------------------------
---------------------------------------------------------------------------------
Start Part Resource Summary
---------------------------------------------------------------------------------
Part Resources:
DSPs: 90 (col length:60)
BRAMs: 100 (col length: RAMB18 60 RAMB36 30)
---------------------------------------------------------------------------------
Finished Part Resource Summary
---------------------------------------------------------------------------------
---------------------------------------------------------------------------------
Start Cross Boundary and Area Optimization
---------------------------------------------------------------------------------
WARNING: [Synth 8-7080] Parallel synthesis criteria is not met
WARNING: [Synth 8-3332] Sequential element (dut/ctrl_unit/alu_select_reg[2]) is unused and will be removed from module tb.
WARNING: [Synth 8-3332] Sequential element (dut/ctrl_unit/alu_select_reg[1]) is unused and will be removed from module tb.
WARNING: [Synth 8-3332] Sequential element (dut/ctrl_unit/alu_select_reg[0]) is unused and will be removed from module tb.
WARNING: [Synth 8-3332] Sequential element (dut/ctrl_unit/alu_select_reg[2]__0) is unused and will be removed from module tb.
WARNING: [Synth 8-3332] Sequential element (dut/ctrl_unit/alu_select_reg[1]__0) is unused and will be removed from module tb.
WARNING: [Synth 8-3332] Sequential element (dut/ctrl_unit/alu_select_reg[0]__0) is unused and will be removed from module tb.
WARNING: [Synth 8-3332] Sequential element (dut/ctrl_unit/wr_en_reg) is unused and will be removed from module tb.
WARNING: [Synth 8-3332] Sequential element (dut/ctrl_unit/wr_en_reg__0) is unused and will be removed from module tb.
WARNING: [Synth 8-3332] Sequential element (dut/ctrl_unit/PC_en_reg) is unused and will be removed from module tb.
WARNING: [Synth 8-3332] Sequential element (dut/ctrl_unit/PC_en_reg__0) is unused and will be removed from module tb.
WARNING: [Synth 8-3332] Sequential element (dut/ctrl_unit/A_en_reg) is unused and will be removed from module tb.
WARNING: [Synth 8-3332] Sequential element (dut/ctrl_unit/A_en_reg__0) is unused and will be removed from module tb.
WARNING: [Synth 8-3332] Sequential element (dut/ctrl_unit/ins_store_en_reg) is unused and will be removed from module tb.
WARNING: [Synth 8-3332] Sequential element (dut/ctrl_unit/ins_store_en_reg__0) is unused and will be removed from module tb.
WARNING: [Synth 8-3332] Sequential element (dut/ctrl_unit/addr_mux_reg) is unused and will be removed from module tb.
WARNING: [Synth 8-3332] Sequential element (dut/ctrl_unit/addr_mux_reg__0) is unused and will be removed from module tb.
WARNING: [Synth 8-3332] Sequential element (dut/ctrl_unit/data_mux_reg) is unused and will be removed from module tb.
WARNING: [Synth 8-3332] Sequential element (dut/ctrl_unit/data_mux_reg__0) is unused and will be removed from module tb.
WARNING: [Synth 8-3332] Sequential element (dut/ctrl_unit/PC_mux_reg[1]) is unused and will be removed from module tb.
WARNING: [Synth 8-3332] Sequential element (dut/ctrl_unit/PC_mux_reg[0]) is unused and will be removed from module tb.
WARNING: [Synth 8-3332] Sequential element (dut/ctrl_unit/PC_mux_reg[1]__0) is unused and will be removed from module tb.
WARNING: [Synth 8-3332] Sequential element (dut/ctrl_unit/PC_mux_reg[0]__0) is unused and will be removed from module tb.
WARNING: [Synth 8-3332] Sequential element (dut/ctrl_unit/ns_reg[1]) is unused and will be removed from module tb.
WARNING: [Synth 8-3332] Sequential element (dut/ctrl_unit/ns_reg[0]) is unused and will be removed from module tb.
WARNING: [Synth 8-3332] Sequential element (dut/ctrl_unit/ns_reg[1]__0) is unused and will be removed from module tb.
WARNING: [Synth 8-3332] Sequential element (dut/ctrl_unit/ns_reg[0]__0) is unused and will be removed from module tb.
WARNING: [Synth 8-3332] Sequential element (dut/ctrl_unit/pin_reg[1]) is unused and will be removed from module tb.
WARNING: [Synth 8-3332] Sequential element (dut/ctrl_unit/pin_reg[0]) is unused and will be removed from module tb.
WARNING: [Synth 8-3332] Sequential element (dut/ctrl_unit/addr_select_reg) is unused and will be removed from module tb.
WARNING: [Synth 8-3332] Sequential element (dut/ctrl_unit/addr_select_reg__0) is unused and will be removed from module tb.
WARNING: [Synth 8-3332] Sequential element (dut/ctrl_unit/mem_select_reg) is unused and will be removed from module tb.
WARNING: [Synth 8-3332] Sequential element (dut/ctrl_unit/mem_select_reg__0) is unused and will be removed from module tb.
WARNING: [Synth 8-3332] Sequential element (dut/alu/c_reg) is unused and will be removed from module tb.
---------------------------------------------------------------------------------
Finished Cross Boundary and Area Optimization : Time (s): cpu = 00:00:31 ; elapsed = 00:00:36 . Memory (MB): peak = 1706.852 ; gain = 816.758
---------------------------------------------------------------------------------
---------------------------------------------------------------------------------
Start Applying XDC Timing Constraints
---------------------------------------------------------------------------------
---------------------------------------------------------------------------------
Finished Applying XDC Timing Constraints : Time (s): cpu = 00:00:36 ; elapsed = 00:00:41 . Memory (MB): peak = 1706.852 ; gain = 816.758
---------------------------------------------------------------------------------
---------------------------------------------------------------------------------
Start Timing Optimization
---------------------------------------------------------------------------------
---------------------------------------------------------------------------------
Finished Timing Optimization : Time (s): cpu = 00:00:36 ; elapsed = 00:00:41 . Memory (MB): peak = 1706.852 ; gain = 816.758
---------------------------------------------------------------------------------
---------------------------------------------------------------------------------
Start Technology Mapping
---------------------------------------------------------------------------------
---------------------------------------------------------------------------------
Finished Technology Mapping : Time (s): cpu = 00:00:36 ; elapsed = 00:00:41 . Memory (MB): peak = 1706.852 ; gain = 816.758
---------------------------------------------------------------------------------
---------------------------------------------------------------------------------
Start IO Insertion
---------------------------------------------------------------------------------
---------------------------------------------------------------------------------
Start Flattening Before IO Insertion
---------------------------------------------------------------------------------
---------------------------------------------------------------------------------
Finished Flattening Before IO Insertion
---------------------------------------------------------------------------------
---------------------------------------------------------------------------------
Start Final Netlist Cleanup
---------------------------------------------------------------------------------
---------------------------------------------------------------------------------
Finished Final Netlist Cleanup
---------------------------------------------------------------------------------
---------------------------------------------------------------------------------
Finished IO Insertion : Time (s): cpu = 00:00:39 ; elapsed = 00:00:46 . Memory (MB): peak = 1706.852 ; gain = 816.758
---------------------------------------------------------------------------------
---------------------------------------------------------------------------------
Start Renaming Generated Instances
---------------------------------------------------------------------------------
---------------------------------------------------------------------------------
Finished Renaming Generated Instances : Time (s): cpu = 00:00:39 ; elapsed = 00:00:46 . Memory (MB): peak = 1706.852 ; gain = 816.758
---------------------------------------------------------------------------------
---------------------------------------------------------------------------------
Start Rebuilding User Hierarchy
---------------------------------------------------------------------------------
---------------------------------------------------------------------------------
Finished Rebuilding User Hierarchy : Time (s): cpu = 00:00:39 ; elapsed = 00:00:46 . Memory (MB): peak = 1706.852 ; gain = 816.758
---------------------------------------------------------------------------------
---------------------------------------------------------------------------------
Start Renaming Generated Ports
---------------------------------------------------------------------------------
---------------------------------------------------------------------------------
Finished Renaming Generated Ports : Time (s): cpu = 00:00:39 ; elapsed = 00:00:46 . Memory (MB): peak = 1706.852 ; gain = 816.758
---------------------------------------------------------------------------------
---------------------------------------------------------------------------------
Start Handling Custom Attributes
---------------------------------------------------------------------------------
---------------------------------------------------------------------------------
Finished Handling Custom Attributes : Time (s): cpu = 00:00:39 ; elapsed = 00:00:46 . Memory (MB): peak = 1706.852 ; gain = 816.758
---------------------------------------------------------------------------------
---------------------------------------------------------------------------------
Start Renaming Generated Nets
---------------------------------------------------------------------------------
---------------------------------------------------------------------------------
Finished Renaming Generated Nets : Time (s): cpu = 00:00:39 ; elapsed = 00:00:46 . Memory (MB): peak = 1706.852 ; gain = 816.758
---------------------------------------------------------------------------------
---------------------------------------------------------------------------------
Start Writing Synthesis Report
---------------------------------------------------------------------------------

Report BlackBoxes: 
+-+--------------+----------+
| |BlackBox name |Instances |
+-+--------------+----------+
+-+--------------+----------+

Report Cell Usage: 
+-+-----+------+
| |Cell |Count |
+-+-----+------+
+-+-----+------+
---------------------------------------------------------------------------------
Finished Writing Synthesis Report : Time (s): cpu = 00:00:39 ; elapsed = 00:00:46 . Memory (MB): peak = 1706.852 ; gain = 816.758
---------------------------------------------------------------------------------
Synthesis finished with 0 errors, 0 critical warnings and 58 warnings.
Synthesis Optimization Runtime : Time (s): cpu = 00:00:27 ; elapsed = 00:00:43 . Memory (MB): peak = 1706.852 ; gain = 709.000
Synthesis Optimization Complete : Time (s): cpu = 00:00:40 ; elapsed = 00:00:46 . Memory (MB): peak = 1706.852 ; gain = 816.758
INFO: [Project 1-571] Translating synthesized netlist
Netlist sorting complete. Time (s): cpu = 00:00:00 ; elapsed = 00:00:00 . Memory (MB): peak = 1706.852 ; gain = 0.000
INFO: [Project 1-570] Preparing netlist for logic optimization
INFO: [Opt 31-138] Pushed 0 inverter(s) to 0 load pin(s).
Netlist sorting complete. Time (s): cpu = 00:00:00 ; elapsed = 00:00:00 . Memory (MB): peak = 1706.852 ; gain = 0.000
INFO: [Project 1-111] Unisim Transformation Summary:
No Unisim elements were transformed.

The system cannot find the path specified.
Synth Design complete | Checksum: c283ca59
INFO: [Common 17-83] Releasing license: Synthesis
51 Infos, 163 Warnings, 0 Critical Warnings and 0 Errors encountered.
synth_design completed successfully
synth_design: Time (s): cpu = 00:00:44 ; elapsed = 00:01:07 . Memory (MB): peak = 1706.852 ; gain = 1208.605
INFO: [Common 17-1381] The checkpoint 'C:/Users/shrin/Desktop/Vivado_projects/Lipsi_project/simulation/controller.runs/synth_1/tb.dcp' has been generated.
INFO: [runtcl-4] Executing : report_utilization -file tb_utilization_synth.rpt -pb tb_utilization_synth.pb
INFO: [Common 17-206] Exiting Vivado at Thu Apr 10 18:52:42 2025...
