srcscan starts
srcscan exits with return value 0
02)
INFO: analyzing module PC (VERI-9002)
INFO: analyzing module PC_mux (VERI-9002)
INFO: analyzing module INFO: analyzing module ALU (VERI-9002)
INFO: analyzing module PC (VERI-9002)
INFO: analyzing module PC_mux (VERI-9002)
INFO: analyzing module accumulator (VERI-9002)
INFO: analyzing module addr_mux (VERI-9002)
INFO: analyzing module controller (VERI-9002)
INFO: analyzing module counter (VERI-9002)
INFO: analyzing module data_mux (VERI-9002)
INFO: analyzing module memory (VERI-9002)
INFO: analyzing module lipsi_top2 (VERI-9002)
INFO: analyzing module ALU (VERI-9002)
C:/Users/shrin/AppData/Local/Temp/VivadoEditorAssist6720588195070373525.tmp(1): WARNING: overwriting previous definition of module 'ALU' (VERI-1206)
INFO: analyzing module PC (VERI-9002)
C:/Users/shrin/AppData/Local/Temp/VivadoEditorAssist8462142229750727113.tmp(1): WARNING: overwriting previous definition of module 'PC' (VERI-1206)
INFO: analyzing module PC_mux (VERI-9002)
C:/Users/shrin/AppData/Local/Temp/VivadoEditorAssist14921507696705649940.tmp(1): WARNING: overwriting previous definition of module 'PC_mux' (VERI-1206)
INFO: analyzing module accumulator (VERI-9002)
C:/Users/shrin/AppData/Local/Temp/VivadoEditorAssist6453176885735306310.tmp(1): WARNING: overwriting previous definition of module 'accumulator' (VERI-1206)
INFO: analyzing module addr_mux (VERI-9002)
C:/Users/shrin/AppData/Local/Temp/VivadoEditorAssist7439290015742319558.tmp(1): WARNING: overwriting previous definition of module 'addr_mux' (VERI-1206)
INFO: analyzing module controller (VERI-9002)
C:/Users/shrin/AppData/Local/Temp/VivadoEditorAssist1953580721292998072.tmp(23): WARNING: overwriting previous definition of module 'controller' (VERI-1206)
INFO: analyzing module counter (VERI-9002)
C:/Users/shrin/AppData/Local/Temp/VivadoEditorAssist10290636485595574992.tmp(1): WARNING: overwriting previous definition of module 'counter' (VERI-1206)
INFO: analyzing module data_mux (VERI-9002)
C:/Users/shrin/AppData/Local/Temp/VivadoEditorAssist3020114758549186354.tmp(1): WARNING: overwriting previous definition of module 'data_mux' (VERI-1206)
INFO: analyzing module memory (VERI-9002)
C:/Users/shrin/AppData/Local/Temp/VivadoEditorAssist2750035984929575561.tmp(1): WARNING: overwriting previous definition of module 'memory' (VERI-1206)
INFO: analyzing module lipsi_top2 (VERI-9002)
C:/Users/shrin/AppData/Local/Temp/VivadoEditorAssist17868412610470188344.tmp(1): WARNING: overwriting previous definition of module 'lipsi_top2' (VERI-1206)
srcscan exits with return value 0
